TN:
SF:src/app.ts
FN:59,(anonymous_1)
FNF:1
FNH:0
FNDA:0,(anonymous_1)
DA:1,0
DA:2,0
DA:3,0
DA:4,0
DA:5,0
DA:6,0
DA:8,0
DA:10,0
DA:11,0
DA:14,0
DA:17,0
DA:18,0
DA:36,0
DA:38,0
DA:59,0
DA:60,0
DA:61,0
DA:64,0
DA:66,0
LF:19
LH:0
BRDA:17,0,0,0
BRDA:17,0,1,0
BRDA:20,1,0,0
BRDA:20,1,1,0
BRDA:21,2,0,0
BRDA:21,2,1,0
BRDA:27,3,0,0
BRDA:27,3,1,0
BRF:8
BRH:0
end_of_record
TN:
SF:src/common/encoders.ts
FN:3,encodeBase64
FN:7,decodeBase64
FN:11,hashPassword
FNF:3
FNH:3
FNDA:15,encodeBase64
FNDA:11,decodeBase64
FNDA:10,hashPassword
DA:1,1
DA:3,1
DA:4,15
DA:7,1
DA:8,11
DA:11,1
DA:15,10
DA:16,10
LF:8
LH:8
BRF:0
BRH:0
end_of_record
TN:
SF:src/common/feature-flags.ts
FN:1,(anonymous_0)
FN:14,(anonymous_1)
FN:19,(anonymous_2)
FN:20,(anonymous_3)
FN:31,(anonymous_4)
FN:36,(anonymous_5)
FN:41,(anonymous_6)
FN:46,(anonymous_7)
FNF:8
FNH:8
FNDA:1,(anonymous_0)
FNDA:1,(anonymous_1)
FNDA:1,(anonymous_2)
FNDA:1,(anonymous_3)
FNDA:11,(anonymous_4)
FNDA:3,(anonymous_5)
FNDA:3,(anonymous_6)
FNDA:5,(anonymous_7)
DA:1,1
DA:2,1
DA:10,1
DA:15,1
DA:20,1
DA:21,1
DA:22,1
DA:24,1
DA:25,0
DA:32,11
DA:37,3
DA:42,3
DA:47,5
DA:51,1
LF:14
LH:13
BRDA:1,0,0,1
BRDA:1,0,1,1
BRDA:24,1,0,0
BRDA:24,1,1,1
BRDA:25,2,0,0
BRDA:25,2,1,0
BRDA:32,3,0,11
BRDA:32,3,1,1
BRF:8
BRH:5
end_of_record
TN:
SF:src/common/jwt.ts
FN:5,generateToken
FN:14,validateToken
FNF:2
FNH:2
FNDA:7,generateToken
FNDA:7,validateToken
DA:1,1
DA:5,1
DA:9,7
DA:10,7
DA:14,1
DA:15,7
DA:16,7
DA:17,7
DA:18,3
DA:20,4
DA:21,4
LF:11
LH:11
BRDA:7,0,0,0
BRDA:9,1,0,7
BRDA:9,1,1,0
BRDA:16,2,0,7
BRDA:16,2,1,0
BRF:5
BRH:2
end_of_record
TN:
SF:src/common/logger.ts
FN:2,(anonymous_0)
FN:8,(anonymous_1)
FN:11,(anonymous_2)
FNF:3
FNH:0
FNDA:0,(anonymous_0)
FNDA:0,(anonymous_1)
FNDA:0,(anonymous_2)
DA:3,0
DA:4,0
DA:5,0
DA:9,0
DA:12,0
DA:13,0
DA:14,0
DA:19,0
LF:8
LH:0
BRDA:4,0,0,0
BRDA:4,0,1,0
BRDA:13,1,0,0
BRDA:13,1,1,0
BRF:4
BRH:0
end_of_record
TN:
SF:src/common/redis.ts
FN:16,(anonymous_1)
FNF:1
FNH:0
FNDA:0,(anonymous_1)
DA:1,0
DA:2,0
DA:17,0
DA:19,0
DA:29,0
DA:36,0
LF:6
LH:0
BRF:0
BRH:0
end_of_record
TN:
SF:src/config/db/db.ts
FNF:0
FNH:0
DA:1,0
DA:2,0
DA:3,0
DA:5,0
DA:7,0
DA:8,0
DA:10,0
LF:7
LH:0
BRF:0
BRH:0
end_of_record
TN:
SF:src/config/env/env-schema.ts
FN:3,(anonymous_0)
FN:7,(anonymous_1)
FN:8,(anonymous_2)
FNF:3
FNH:0
FNDA:0,(anonymous_0)
FNDA:0,(anonymous_1)
FNDA:0,(anonymous_2)
DA:1,0
DA:3,0
DA:5,0
DA:7,0
DA:8,0
DA:10,0
LF:6
LH:0
BRDA:3,0,0,0
BRDA:3,0,1,0
BRF:2
BRH:0
end_of_record
TN:
SF:src/config/env/env.ts
FNF:0
FNH:0
DA:1,0
DA:2,0
DA:3,0
DA:4,0
DA:6,0
DA:7,0
DA:8,0
DA:9,0
DA:12,0
LF:9
LH:0
BRDA:7,0,0,0
BRDA:7,0,1,0
BRF:2
BRH:0
end_of_record
TN:
SF:src/config/swagger/swagger.ts
FNF:0
FNH:0
DA:1,0
DA:3,0
DA:24,0
LF:3
LH:0
BRF:0
BRH:0
end_of_record
TN:
SF:src/modules/api/api.ts
FN:8,setupV1ApiRoutes
FN:18,setupErrorHandling
FN:20,(anonymous_3)
FNF:3
FNH:0
FNDA:0,setupV1ApiRoutes
FNDA:0,setupErrorHandling
FNDA:0,(anonymous_3)
DA:2,0
DA:3,0
DA:4,0
DA:5,0
DA:6,0
DA:8,0
DA:9,0
DA:10,0
DA:11,0
DA:12,0
DA:13,0
DA:15,0
DA:18,0
DA:20,0
DA:21,0
LF:15
LH:0
BRF:0
BRH:0
end_of_record
TN:
SF:src/modules/api/controllers/auth.ts
FN:62,registerUser
FN:143,login
FN:243,logout
FN:304,refreshToken
FNF:4
FNH:0
FNDA:0,registerUser
FNDA:0,login
FNDA:0,logout
FNDA:0,refreshToken
DA:2,0
DA:7,0
DA:8,0
DA:9,0
DA:10,0
DA:11,0
DA:12,0
DA:13,0
DA:62,0
DA:63,0
DA:64,0
DA:65,0
DA:66,0
DA:70,0
DA:73,0
DA:75,0
DA:76,0
DA:77,0
DA:81,0
DA:84,0
DA:86,0
DA:90,0
DA:91,0
DA:93,0
DA:143,0
DA:144,0
DA:145,0
DA:146,0
DA:147,0
DA:151,0
DA:154,0
DA:156,0
DA:162,0
DA:163,0
DA:167,0
DA:170,0
DA:174,0
DA:175,0
DA:179,0
DA:182,0
DA:183,0
DA:190,0
DA:198,0
DA:199,0
DA:201,0
DA:210,0
DA:216,0
DA:218,0
DA:243,0
DA:244,0
DA:245,0
DA:246,0
DA:247,0
DA:251,0
DA:254,0
DA:259,0
DA:261,0
DA:263,0
DA:304,0
DA:305,0
DA:306,0
DA:307,0
DA:308,0
DA:312,0
DA:314,0
DA:317,0
DA:318,0
DA:320,0
DA:323,0
DA:326,0
DA:329,0
DA:330,0
DA:333,0
DA:336,0
DA:340,0
DA:345,0
DA:346,0
DA:349,0
DA:351,0
DA:352,0
DA:353,0
DA:356,0
DA:361,0
DA:362,0
DA:369,0
DA:377,0
DA:378,0
DA:380,0
DA:389,0
DA:395,0
DA:397,0
LF:91
LH:0
BRDA:65,0,0,0
BRDA:65,0,1,0
BRDA:76,1,0,0
BRDA:76,1,1,0
BRDA:146,2,0,0
BRDA:146,2,1,0
BRDA:162,3,0,0
BRDA:162,3,1,0
BRDA:174,4,0,0
BRDA:174,4,1,0
BRDA:187,5,0,0
BRDA:187,5,1,0
BRDA:195,6,0,0
BRDA:195,6,1,0
BRDA:246,7,0,0
BRDA:246,7,1,0
BRDA:307,8,0,0
BRDA:307,8,1,0
BRDA:329,9,0,0
BRDA:329,9,1,0
BRDA:340,10,0,0
BRDA:340,10,1,0
BRDA:341,11,0,0
BRDA:341,11,1,0
BRDA:341,11,2,0
BRDA:351,12,0,0
BRDA:351,12,1,0
BRDA:366,13,0,0
BRDA:366,13,1,0
BRDA:374,14,0,0
BRDA:374,14,1,0
BRF:31
BRH:0
end_of_record
TN:
SF:src/modules/api/controllers/jobs.ts
FN:8,createJob
FN:72,getOneJob
FN:115,getAllJob
FNF:3
FNH:0
FNDA:0,createJob
FNDA:0,getOneJob
FNDA:0,getAllJob
DA:2,0
DA:3,0
DA:4,0
DA:5,0
DA:6,0
DA:8,0
DA:9,0
DA:10,0
DA:11,0
DA:12,0
DA:16,0
DA:19,0
DA:20,0
DA:21,0
DA:22,0
DA:25,0
DA:27,0
DA:28,0
DA:31,0
DA:32,0
DA:33,0
DA:37,0
DA:47,0
DA:48,0
DA:53,0
DA:55,0
DA:59,0
DA:62,0
DA:63,0
DA:65,0
DA:72,0
DA:73,0
DA:74,0
DA:75,0
DA:76,0
DA:80,0
DA:83,0
DA:84,0
DA:85,0
DA:86,0
DA:89,0
DA:91,0
DA:94,0
DA:95,0
DA:99,0
DA:101,0
DA:102,0
DA:103,0
DA:105,0
DA:106,0
DA:108,0
DA:115,0
DA:116,0
DA:117,0
DA:118,0
DA:119,0
DA:120,0
DA:123,0
DA:127,0
DA:128,0
DA:130,0
LF:61
LH:0
BRDA:11,0,0,0
BRDA:11,0,1,0
BRDA:20,1,0,0
BRDA:20,1,1,0
BRDA:27,2,0,0
BRDA:27,2,1,0
BRDA:31,3,0,0
BRDA:31,3,1,0
BRDA:41,4,0,0
BRDA:41,4,1,0
BRDA:43,5,0,0
BRDA:43,5,1,0
BRDA:75,6,0,0
BRDA:75,6,1,0
BRDA:84,7,0,0
BRDA:84,7,1,0
BRDA:94,8,0,0
BRDA:94,8,1,0
BRDA:101,9,0,0
BRDA:101,9,1,0
BRDA:118,10,0,0
BRDA:118,10,1,0
BRF:22
BRH:0
end_of_record
TN:
SF:src/modules/api/controllers/projects.ts
FN:15,createProject
FN:54,(anonymous_2)
FN:69,updateProject
FN:120,deleteProject
FN:159,readOneProject
FN:205,readAllProject
FN:233,getAllProjectMembers
FN:273,createWorkspace
FN:339,updateWorkspace
FN:351,deleteWorkspace
FN:363,getOneWorkspace
FN:375,getAllWorkspace
FN:404,getAllInvites
FN:435,inviteUser
FN:499,acceptInvite
FN:566,rejectInvite
FNF:16
FNH:0
FNDA:0,createProject
FNDA:0,(anonymous_2)
FNDA:0,updateProject
FNDA:0,deleteProject
FNDA:0,readOneProject
FNDA:0,readAllProject
FNDA:0,getAllProjectMembers
FNDA:0,createWorkspace
FNDA:0,updateWorkspace
FNDA:0,deleteWorkspace
FNDA:0,getOneWorkspace
FNDA:0,getAllWorkspace
FNDA:0,getAllInvites
FNDA:0,inviteUser
FNDA:0,acceptInvite
FNDA:0,rejectInvite
DA:2,0
DA:3,0
DA:4,0
DA:15,0
DA:19,0
DA:20,0
DA:21,0
DA:22,0
DA:26,0
DA:29,0
DA:30,0
DA:31,0
DA:34,0
DA:37,0
DA:38,0
DA:54,0
DA:55,0
DA:56,0
DA:57,0
DA:59,0
DA:62,0
DA:69,0
DA:73,0
DA:74,0
DA:75,0
DA:76,0
DA:80,0
DA:83,0
DA:84,0
DA:85,0
DA:89,0
DA:92,0
DA:94,0
DA:98,0
DA:99,0
DA:103,0
DA:106,0
DA:110,0
DA:111,0
DA:113,0
DA:120,0
DA:124,0
DA:125,0
DA:126,0
DA:127,0
DA:131,0
DA:134,0
DA:136,0
DA:140,0
DA:141,0
DA:145,0
DA:148,0
DA:149,0
DA:150,0
DA:152,0
DA:159,0
DA:163,0
DA:164,0
DA:165,0
DA:166,0
DA:170,0
DA:173,0
DA:175,0
DA:185,0
DA:186,0
DA:190,0
DA:193,0
DA:194,0
DA:196,0
DA:197,0
DA:201,0
DA:205,0
DA:209,0
DA:210,0
DA:211,0
DA:212,0
DA:215,0
DA:218,0
DA:222,0
DA:223,0
DA:225,0
DA:229,0
DA:233,0
DA:237,0
DA:238,0
DA:239,0
DA:240,0
DA:244,0
DA:247,0
DA:249,0
DA:250,0
DA:251,0
DA:254,0
DA:257,0
DA:262,0
DA:263,0
DA:265,0
DA:269,0
DA:273,0
DA:277,0
DA:278,0
DA:280,0
DA:281,0
DA:282,0
DA:286,0
DA:288,0
DA:289,0
DA:290,0
DA:294,0
DA:297,0
DA:298,0
DA:300,0
DA:301,0
DA:302,0
DA:305,0
DA:308,0
DA:310,0
DA:317,0
DA:318,0
DA:321,0
DA:324,0
DA:327,0
DA:329,0
DA:330,0
DA:332,0
DA:339,0
DA:343,0
DA:345,0
DA:351,0
DA:355,0
DA:357,0
DA:363,0
DA:367,0
DA:369,0
DA:375,0
DA:379,0
DA:380,0
DA:381,0
DA:382,0
DA:386,0
DA:389,0
DA:391,0
DA:395,0
DA:397,0
DA:404,0
DA:408,0
DA:409,0
DA:412,0
DA:413,0
DA:417,0
DA:420,0
DA:422,0
DA:425,0
DA:426,0
DA:428,0
DA:435,0
DA:436,0
DA:437,0
DA:440,0
DA:441,0
DA:445,0
DA:448,0
DA:449,0
DA:450,0
DA:454,0
DA:457,0
DA:458,0
DA:460,0
DA:461,0
DA:462,0
DA:465,0
DA:468,0
DA:472,0
DA:473,0
DA:477,0
DA:480,0
DA:489,0
DA:490,0
DA:492,0
DA:499,0
DA:500,0
DA:501,0
DA:502,0
DA:503,0
DA:507,0
DA:510,0
DA:511,0
DA:512,0
DA:515,0
DA:518,0
DA:519,0
DA:524,0
DA:525,0
DA:529,0
DA:532,0
DA:533,0
DA:537,0
DA:540,0
DA:556,0
DA:557,0
DA:559,0
DA:566,0
DA:567,0
DA:568,0
DA:569,0
DA:570,0
DA:574,0
DA:577,0
DA:578,0
DA:579,0
DA:582,0
DA:585,0
DA:586,0
DA:591,0
DA:592,0
DA:596,0
DA:599,0
DA:600,0
DA:604,0
DA:607,0
DA:614,0
DA:615,0
DA:617,0
LF:223
LH:0
BRDA:21,0,0,0
BRDA:21,0,1,0
BRDA:30,1,0,0
BRDA:30,1,1,0
BRDA:55,2,0,0
BRDA:55,2,1,0
BRDA:75,3,0,0
BRDA:75,3,1,0
BRDA:84,4,0,0
BRDA:84,4,1,0
BRDA:98,5,0,0
BRDA:98,5,1,0
BRDA:126,6,0,0
BRDA:126,6,1,0
BRDA:140,7,0,0
BRDA:140,7,1,0
BRDA:165,8,0,0
BRDA:165,8,1,0
BRDA:185,9,0,0
BRDA:185,9,1,0
BRDA:211,10,0,0
BRDA:211,10,1,0
BRDA:239,11,0,0
BRDA:239,11,1,0
BRDA:250,12,0,0
BRDA:250,12,1,0
BRDA:281,13,0,0
BRDA:281,13,1,0
BRDA:289,14,0,0
BRDA:289,14,1,0
BRDA:301,15,0,0
BRDA:301,15,1,0
BRDA:317,16,0,0
BRDA:317,16,1,0
BRDA:381,17,0,0
BRDA:381,17,1,0
BRDA:412,18,0,0
BRDA:412,18,1,0
BRDA:440,19,0,0
BRDA:440,19,1,0
BRDA:449,20,0,0
BRDA:449,20,1,0
BRDA:461,21,0,0
BRDA:461,21,1,0
BRDA:472,22,0,0
BRDA:472,22,1,0
BRDA:472,23,0,0
BRDA:472,23,1,0
BRDA:502,24,0,0
BRDA:502,24,1,0
BRDA:511,25,0,0
BRDA:511,25,1,0
BRDA:524,26,0,0
BRDA:524,26,1,0
BRDA:532,27,0,0
BRDA:532,27,1,0
BRDA:569,28,0,0
BRDA:569,28,1,0
BRDA:578,29,0,0
BRDA:578,29,1,0
BRDA:591,30,0,0
BRDA:591,30,1,0
BRDA:599,31,0,0
BRDA:599,31,1,0
BRF:64
BRH:0
end_of_record
TN:
SF:src/modules/api/controllers/user.ts
FN:34,GetCurrentLoggedInUser
FNF:1
FNH:0
FNDA:0,GetCurrentLoggedInUser
DA:2,0
DA:34,0
DA:38,0
DA:39,0
DA:40,0
DA:41,0
DA:45,0
DA:48,0
DA:59,0
DA:60,0
DA:62,0
LF:11
LH:0
BRDA:40,0,0,0
BRDA:40,0,1,0
BRF:2
BRH:0
end_of_record
TN:
SF:src/modules/api/middlewares/authorization.ts
FN:6,authMiddleware
FNF:1
FNH:0
FNDA:0,authMiddleware
DA:2,0
DA:3,0
DA:6,0
DA:11,0
DA:12,0
DA:14,0
DA:15,0
DA:16,0
DA:17,0
DA:20,0
DA:21,0
DA:22,0
DA:23,0
DA:25,0
DA:27,0
DA:29,0
DA:30,0
DA:32,0
DA:36,0
DA:37,0
DA:38,0
DA:39,0
DA:42,0
DA:48,0
DA:49,0
DA:50,0
DA:51,0
DA:53,0
DA:56,0
DA:57,0
DA:59,0
DA:60,0
DA:61,0
DA:64,0
DA:65,0
DA:66,0
LF:36
LH:0
BRDA:14,0,0,0
BRDA:14,0,1,0
BRDA:20,1,0,0
BRDA:20,1,1,0
BRDA:22,2,0,0
BRDA:22,2,1,0
BRDA:29,3,0,0
BRDA:29,3,1,0
BRDA:36,4,0,0
BRDA:36,4,1,0
BRDA:48,5,0,0
BRDA:48,5,1,0
BRF:12
BRH:0
end_of_record
TN:
SF:src/modules/api/middlewares/feature-flag.ts
FN:4,(anonymous_0)
FN:5,(anonymous_1)
FNF:2
FNH:0
FNDA:0,(anonymous_0)
FNDA:0,(anonymous_1)
DA:2,0
DA:4,0
DA:5,0
DA:6,0
DA:7,0
DA:11,0
DA:14,0
LF:7
LH:0
BRDA:6,0,0,0
BRDA:6,0,1,0
BRF:2
BRH:0
end_of_record
TN:
SF:src/modules/api/middlewares/rate-limiter.ts
FN:5,(anonymous_1)
FNF:1
FNH:0
FNDA:0,(anonymous_1)
DA:1,0
DA:3,0
DA:5,0
DA:10,0
DA:11,0
DA:14,0
DA:18,0
DA:20,0
DA:21,0
DA:24,0
DA:25,0
DA:28,0
LF:12
LH:0
BRDA:11,0,0,0
BRDA:11,0,1,0
BRDA:14,1,0,0
BRDA:14,1,1,0
BRDA:20,2,0,0
BRDA:20,2,1,0
BRDA:24,3,0,0
BRDA:24,3,1,0
BRF:8
BRH:0
end_of_record
TN:
SF:src/modules/api/middlewares/workspace-middleware.ts
FN:9,(anonymous_1)
FNF:1
FNH:0
FNDA:0,(anonymous_1)
DA:2,0
DA:3,0
DA:7,0
DA:9,0
DA:14,0
DA:15,0
DA:16,0
DA:20,0
DA:23,0
DA:25,0
DA:26,0
DA:27,0
DA:30,0
DA:33,0
DA:40,0
DA:41,0
DA:44,0
DA:47,0
DA:48,0
DA:49,0
DA:51,0
DA:53,0
DA:55,0
DA:56,0
DA:58,0
DA:60,0
DA:62,0
DA:63,0
DA:65,0
DA:67,0
DA:69,0
DA:70,0
DA:72,0
DA:74,0
DA:76,0
DA:77,0
DA:79,0
DA:81,0
DA:83,0
DA:86,0
DA:89,0
DA:90,0
DA:92,0
DA:95,0
LF:44
LH:0
BRDA:15,0,0,0
BRDA:15,0,1,0
BRDA:26,1,0,0
BRDA:26,1,1,0
BRDA:40,2,0,0
BRDA:40,2,1,0
BRDA:53,3,0,0
BRDA:53,3,1,0
BRDA:53,3,2,0
BRDA:53,3,3,0
BRDA:53,3,4,0
BRDA:55,4,0,0
BRDA:55,4,1,0
BRDA:62,5,0,0
BRDA:62,5,1,0
BRDA:69,6,0,0
BRDA:69,6,1,0
BRDA:76,7,0,0
BRDA:76,7,1,0
BRDA:89,8,0,0
BRDA:89,8,1,0
BRF:21
BRH:0
end_of_record
TN:
SF:src/modules/api/routes/auth-route.ts
FNF:0
FNH:0
DA:1,0
DA:2,0
DA:3,0
DA:5,0
DA:7,0
DA:8,0
DA:9,0
DA:10,0
DA:12,0
LF:9
LH:0
BRF:0
BRH:0
end_of_record
TN:
SF:src/modules/api/routes/job-route.ts
FNF:0
FNH:0
DA:1,0
DA:2,0
DA:3,0
DA:5,0
DA:7,0
DA:8,0
DA:9,0
DA:11,0
LF:8
LH:0
BRF:0
BRH:0
end_of_record
TN:
SF:src/modules/api/routes/project-route.ts
FNF:0
FNH:0
DA:1,0
DA:2,0
DA:3,0
DA:20,0
DA:21,0
DA:22,0
DA:24,0
DA:26,0
DA:27,0
DA:29,0
DA:35,0
DA:41,0
DA:47,0
DA:53,0
DA:60,0
DA:66,0
DA:72,0
DA:78,0
DA:85,0
DA:86,0
DA:87,0
DA:88,0
DA:90,0
LF:23
LH:0
BRF:0
BRH:0
end_of_record
TN:
SF:src/modules/api/routes/user-route.ts
FNF:0
FNH:0
DA:1,0
DA:2,0
DA:3,0
DA:5,0
DA:7,0
DA:9,0
LF:6
LH:0
BRF:0
BRH:0
end_of_record
TN:
SF:src/modules/api/validators/auth.ts
FNF:0
FNH:0
DA:1,1
DA:3,1
DA:4,1
DA:6,1
DA:12,1
DA:17,1
DA:21,1
DA:25,1
LF:8
LH:8
BRF:0
BRH:0
end_of_record
TN:
SF:src/modules/api/validators/jobs.ts
FNF:0
FNH:0
DA:1,0
DA:3,0
DA:9,0
LF:3
LH:0
BRF:0
BRH:0
end_of_record
TN:
SF:src/modules/api/validators/projects.ts
FNF:0
FNH:0
DA:1,0
DA:3,0
DA:4,0
DA:6,0
DA:11,0
DA:16,0
DA:20,0
DA:25,0
DA:29,0
DA:34,0
DA:38,0
DA:42,0
DA:46,0
DA:50,0
LF:14
LH:0
BRF:0
BRH:0
end_of_record
TN:
SF:src/modules/jobs/rabbitmq.ts
FN:20,(anonymous_1)
FN:29,(anonymous_2)
FN:42,(anonymous_3)
FN:48,(anonymous_4)
FN:67,(anonymous_5)
FN:72,(anonymous_6)
FN:73,(anonymous_7)
FN:76,(anonymous_8)
FN:96,(anonymous_9)
FN:113,(anonymous_10)
FN:181,(anonymous_11)
FNF:11
FNH:0
FNDA:0,(anonymous_1)
FNDA:0,(anonymous_2)
FNDA:0,(anonymous_3)
FNDA:0,(anonymous_4)
FNDA:0,(anonymous_5)
FNDA:0,(anonymous_6)
FNDA:0,(anonymous_7)
FNDA:0,(anonymous_8)
FNDA:0,(anonymous_9)
FNDA:0,(anonymous_10)
FNDA:0,(anonymous_11)
DA:1,0
DA:3,0
DA:4,0
DA:5,0
DA:6,0
DA:16,0
DA:17,0
DA:18,0
DA:25,0
DA:26,0
DA:30,0
DA:32,0
DA:34,0
DA:35,0
DA:36,0
DA:38,0
DA:42,0
DA:43,0
DA:44,0
DA:45,0
DA:48,0
DA:49,0
DA:52,0
DA:54,0
DA:56,0
DA:57,0
DA:58,0
DA:61,0
DA:63,0
DA:68,0
DA:69,0
DA:73,0
DA:81,0
DA:83,0
DA:85,0
DA:91,0
DA:92,0
DA:101,0
DA:103,0
DA:107,0
DA:109,0
DA:111,0
DA:114,0
DA:116,0
DA:117,0
DA:121,0
DA:125,0
DA:126,0
DA:127,0
DA:130,0
DA:131,0
DA:135,0
DA:136,0
DA:139,0
DA:140,0
DA:141,0
DA:144,0
DA:148,0
DA:149,0
DA:150,0
DA:153,0
DA:160,0
DA:162,0
DA:170,0
DA:172,0
DA:173,0
DA:182,0
DA:183,0
DA:184,0
DA:185,0
DA:187,0
DA:192,0
DA:193,0
LF:73
LH:0
BRDA:26,0,0,0
BRDA:26,0,1,0
BRDA:29,1,0,0
BRDA:30,2,0,0
BRDA:30,2,1,0
BRDA:30,3,0,0
BRDA:30,3,1,0
BRDA:56,4,0,0
BRDA:56,4,1,0
BRDA:79,5,0,0
BRDA:91,6,0,0
BRDA:91,6,1,0
BRDA:114,7,0,0
BRDA:114,7,1,0
BRDA:125,8,0,0
BRDA:125,8,1,0
BRDA:130,9,0,0
BRDA:130,9,1,0
BRDA:139,10,0,0
BRDA:139,10,1,0
BRDA:148,11,0,0
BRDA:148,11,1,0
BRF:22
BRH:0
end_of_record
TN:
SF:src/modules/jobs/workers.ts
FN:4,BackgroundWorker
FN:8,(anonymous_2)
FNF:2
FNH:0
FNDA:0,BackgroundWorker
FNDA:0,(anonymous_2)
DA:1,0
DA:2,0
DA:4,0
DA:5,0
DA:9,0
LF:5
LH:0
BRF:0
BRH:0
end_of_record
TN:
SF:src/modules/realtime/realtime.ts
FN:5,initializeWebSocketServer
FNF:1
FNH:0
FNDA:0,initializeWebSocketServer
DA:1,0
DA:2,0
DA:5,0
DA:6,0
DA:7,0
DA:8,0
DA:9,0
DA:10,0
DA:12,0
DA:13,0
LF:10
LH:0
BRF:0
BRH:0
end_of_record
TN:
SF:src/modules/realtime/websocket.ts
FN:34,(anonymous_1)
FN:60,(anonymous_2)
FN:111,(anonymous_3)
FN:117,(anonymous_4)
FN:118,(anonymous_5)
FN:135,(anonymous_6)
FN:140,(anonymous_7)
FN:149,(anonymous_8)
FN:170,(anonymous_9)
FN:187,(anonymous_10)
FN:188,(anonymous_11)
FN:196,(anonymous_12)
FN:255,(anonymous_13)
FN:275,(anonymous_14)
FN:306,(anonymous_15)
FN:332,(anonymous_16)
FN:353,(anonymous_17)
FN:375,(anonymous_18)
FN:397,(anonymous_19)
FN:403,(anonymous_20)
FN:408,(anonymous_21)
FN:413,(anonymous_22)
FN:422,(anonymous_23)
FN:431,(anonymous_24)
FNF:24
FNH:0
FNDA:0,(anonymous_1)
FNDA:0,(anonymous_2)
FNDA:0,(anonymous_3)
FNDA:0,(anonymous_4)
FNDA:0,(anonymous_5)
FNDA:0,(anonymous_6)
FNDA:0,(anonymous_7)
FNDA:0,(anonymous_8)
FNDA:0,(anonymous_9)
FNDA:0,(anonymous_10)
FNDA:0,(anonymous_11)
FNDA:0,(anonymous_12)
FNDA:0,(anonymous_13)
FNDA:0,(anonymous_14)
FNDA:0,(anonymous_15)
FNDA:0,(anonymous_16)
FNDA:0,(anonymous_17)
FNDA:0,(anonymous_18)
FNDA:0,(anonymous_19)
FNDA:0,(anonymous_20)
FNDA:0,(anonymous_21)
FNDA:0,(anonymous_22)
FNDA:0,(anonymous_23)
FNDA:0,(anonymous_24)
DA:1,0
DA:2,0
DA:3,0
DA:5,0
DA:6,0
DA:12,0
DA:13,0
DA:24,0
DA:32,0
DA:35,0
DA:43,0
DA:45,0
DA:61,0
DA:62,0
DA:63,0
DA:66,0
DA:68,0
DA:69,0
DA:71,0
DA:74,0
DA:82,0
DA:90,0
DA:92,0
DA:95,0
DA:98,0
DA:101,0
DA:103,0
DA:104,0
DA:106,0
DA:107,0
DA:112,0
DA:113,0
DA:118,0
DA:119,0
DA:121,0
DA:122,0
DA:125,0
DA:126,0
DA:129,0
DA:135,0
DA:136,0
DA:140,0
DA:141,0
DA:154,0
DA:157,0
DA:158,0
DA:162,0
DA:174,0
DA:175,0
DA:178,0
DA:188,0
DA:189,0
DA:191,0
DA:194,0
DA:197,0
DA:208,0
DA:209,0
DA:210,0
DA:211,0
DA:212,0
DA:215,0
DA:218,0
DA:219,0
DA:220,0
DA:221,0
DA:222,0
DA:225,0
DA:236,0
DA:243,0
DA:245,0
DA:253,0
DA:256,0
DA:257,0
DA:258,0
DA:261,0
DA:263,0
DA:264,0
DA:265,0
DA:273,0
DA:276,0
DA:277,0
DA:282,0
DA:285,0
DA:296,0
DA:304,0
DA:307,0
DA:308,0
DA:313,0
DA:316,0
DA:333,0
DA:340,0
DA:341,0
DA:358,0
DA:360,0
DA:362,0
DA:369,0
DA:381,0
DA:383,0
DA:384,0
DA:386,0
DA:389,0
DA:398,0
DA:399,0
DA:404,0
DA:409,0
DA:414,0
DA:415,0
DA:416,0
DA:417,0
DA:423,0
DA:424,0
DA:425,0
DA:426,0
DA:432,0
DA:433,0
DA:434,0
DA:435,0
DA:436,0
DA:437,0
DA:439,0
DA:444,0
LF:121
LH:0
BRDA:61,0,0,0
BRDA:61,0,1,0
BRDA:121,1,0,0
BRDA:121,1,1,0
BRDA:157,2,0,0
BRDA:157,2,1,0
BRDA:191,3,0,0
BRDA:191,3,1,0
BRDA:208,4,0,0
BRDA:208,4,1,0
BRDA:218,5,0,0
BRDA:218,5,1,0
BRDA:257,6,0,0
BRDA:257,6,1,0
BRDA:276,7,0,0
BRDA:276,7,1,0
BRDA:307,8,0,0
BRDA:307,8,1,0
BRDA:360,9,0,0
BRDA:360,9,1,0
BRDA:383,10,0,0
BRDA:383,10,1,0
BRDA:415,11,0,0
BRDA:415,11,1,0
BRDA:424,12,0,0
BRDA:424,12,1,0
BRF:26
BRH:0
end_of_record
TN:
SF:src/modules/realtime/ws-middleware.ts
FN:14,(anonymous_1)
FN:60,(anonymous_2)
FN:64,(anonymous_3)
FN:74,(anonymous_4)
FN:78,(anonymous_5)
FNF:5
FNH:0
FNDA:0,(anonymous_1)
FNDA:0,(anonymous_2)
FNDA:0,(anonymous_3)
FNDA:0,(anonymous_4)
FNDA:0,(anonymous_5)
DA:2,0
DA:3,0
DA:8,0
DA:14,0
DA:18,0
DA:20,0
DA:23,0
DA:24,0
DA:27,0
DA:30,0
DA:32,0
DA:33,0
DA:36,0
DA:40,0
DA:45,0
DA:47,0
DA:52,0
DA:54,0
DA:55,0
DA:60,0
DA:64,0
DA:65,0
DA:71,0
DA:74,0
DA:75,0
DA:78,0
DA:81,0
DA:83,0
DA:84,0
DA:87,0
DA:88,0
DA:89,0
DA:92,0
DA:94,0
DA:95,0
DA:98,0
LF:36
LH:0
BRDA:20,0,0,0
BRDA:20,0,1,0
BRDA:23,1,0,0
BRDA:23,1,1,0
BRDA:32,2,0,0
BRDA:32,2,1,0
BRDA:67,3,0,0
BRDA:67,3,1,0
BRDA:75,4,0,0
BRDA:75,4,1,0
BRDA:83,5,0,0
BRDA:83,5,1,0
BRDA:88,6,0,0
BRDA:88,6,1,0
BRDA:94,7,0,0
BRDA:94,7,1,0
BRF:16
BRH:0
end_of_record
TN:
SF:src/types/realtime.ts
FN:7,(anonymous_0)
FNF:1
FNH:0
FNDA:0,(anonymous_0)
DA:7,0
DA:9,0
DA:10,0
DA:11,0
DA:14,0
DA:15,0
DA:16,0
DA:19,0
DA:20,0
DA:23,0
DA:24,0
LF:11
LH:0
BRDA:7,0,0,0
BRDA:7,0,1,0
BRF:2
BRH:0
end_of_record
TN:
SF:src/types/user.ts
FN:1,(anonymous_0)
FNF:1
FNH:0
FNDA:0,(anonymous_0)
DA:1,0
DA:2,0
DA:3,0
DA:4,0
LF:4
LH:0
BRDA:1,0,0,0
BRDA:1,0,1,0
BRF:2
BRH:0
end_of_record
